# JRE version: Java(TM) SE Runtime Environment (8.0_221-b11) (build 1.8.0_221-b11)
# Java VM: Java HotSpot(TM) 64-Bit Server VM (25.221-b11 mixed mode windows-amd64 compressed oops)
Heap:
 PSYoungGen      total 274432K, used 207367K [0x00000000d5d00000, 0x00000000ec400000, 0x0000000100000000)
  eden space 251392K, 73% used [0x00000000d5d00000,0x00000000e11baf28,0x00000000e5280000)
  from space 23040K, 96% used [0x00000000e5280000,0x00000000e6846ff8,0x00000000e6900000)
  to   space 25600K, 0% used [0x00000000eab00000,0x00000000eab00000,0x00000000ec400000)
 ParOldGen       total 131072K, used 43481K [0x0000000081600000, 0x0000000089600000, 0x00000000d5d00000)
  object space 131072K, 33% used [0x0000000081600000,0x00000000840765f8,0x0000000089600000)
 Metaspace       used 43199K, capacity 44702K, committed 44800K, reserved 1089536K
  class space    used 5075K, capacity 5567K, committed 5632K, reserved 1048576K
GC Heap History (10 events):
Event: 7.737 GC heap before
{Heap before GC invocations=9 (full 1):
 PSYoungGen      total 145920K, used 132608K [0x00000000d5d00000, 0x00000000e7800000, 0x0000000100000000)
  eden space 132608K, 100% used [0x00000000d5d00000,0x00000000dde80000,0x00000000dde80000)
  from space 13312K, 0% used [0x00000000dde80000,0x00000000dde80000,0x00000000deb80000)
  to   space 12288K, 0% used [0x00000000e6c00000,0x00000000e6c00000,0x00000000e7800000)
 ParOldGen       total 76288K, used 20494K [0x0000000081600000, 0x0000000086080000, 0x00000000d5d00000)
  object space 76288K, 26% used [0x0000000081600000,0x0000000082a03810,0x0000000086080000)
 Metaspace       used 26054K, capacity 26740K, committed 26880K, reserved 1073152K
  class space    used 3065K, capacity 3281K, committed 3328K, reserved 1048576K
Event: 7.760 GC heap after
Heap after GC invocations=9 (full 1):
 PSYoungGen      total 210432K, used 12256K [0x00000000d5d00000, 0x00000000e7800000, 0x0000000100000000)
  eden space 198144K, 0% used [0x00000000d5d00000,0x00000000d5d00000,0x00000000e1e80000)
  from space 12288K, 99% used [0x00000000e6c00000,0x00000000e77f82d0,0x00000000e7800000)
  to   space 16384K, 0% used [0x00000000e5800000,0x00000000e5800000,0x00000000e6800000)
 ParOldGen       total 76288K, used 27324K [0x0000000081600000, 0x0000000086080000, 0x00000000d5d00000)
  object space 76288K, 35% used [0x0000000081600000,0x00000000830af280,0x0000000086080000)
 Metaspace       used 26054K, capacity 26740K, committed 26880K, reserved 1073152K
  class space    used 3065K, capacity 3281K, committed 3328K, reserved 1048576K
}
Event: 11.865 GC heap before
{Heap before GC invocations=10 (full 1):
 PSYoungGen      total 210432K, used 210400K [0x00000000d5d00000, 0x00000000e7800000, 0x0000000100000000)
  eden space 198144K, 100% used [0x00000000d5d00000,0x00000000e1e80000,0x00000000e1e80000)
  from space 12288K, 99% used [0x00000000e6c00000,0x00000000e77f82d0,0x00000000e7800000)
  to   space 16384K, 0% used [0x00000000e5800000,0x00000000e5800000,0x00000000e6800000)
 ParOldGen       total 76288K, used 27324K [0x0000000081600000, 0x0000000086080000, 0x00000000d5d00000)
  object space 76288K, 35% used [0x0000000081600000,0x00000000830af280,0x0000000086080000)
 Metaspace       used 29378K, capacity 30262K, committed 30336K, reserved 1075200K
  class space    used 3407K, capacity 3694K, committed 3712K, reserved 1048576K
Event: 11.899 GC heap after
Heap after GC invocations=10 (full 1):
 PSYoungGen      total 267776K, used 16367K [0x00000000d5d00000, 0x00000000e7f80000, 0x0000000100000000)
  eden space 251392K, 0% used [0x00000000d5d00000,0x00000000d5d00000,0x00000000e5280000)
  from space 16384K, 99% used [0x00000000e5800000,0x00000000e67fbdf0,0x00000000e6800000)
  to   space 23040K, 0% used [0x00000000e6900000,0x00000000e6900000,0x00000000e7f80000)
 ParOldGen       total 76288K, used 38948K [0x0000000081600000, 0x0000000086080000, 0x00000000d5d00000)
  object space 76288K, 51% used [0x0000000081600000,0x0000000083c09218,0x0000000086080000)
 Metaspace       used 29378K, capacity 30262K, committed 30336K, reserved 1075200K
  class space    used 3407K, capacity 3694K, committed 3712K, reserved 1048576K
}
Event: 18.158 GC heap before
{Heap before GC invocations=11 (full 1):
 PSYoungGen      total 267776K, used 149612K [0x00000000d5d00000, 0x00000000e7f80000, 0x0000000100000000)
  eden space 251392K, 53% used [0x00000000d5d00000,0x00000000ddf1f268,0x00000000e5280000)
  from space 16384K, 99% used [0x00000000e5800000,0x00000000e67fbdf0,0x00000000e6800000)
  to   space 23040K, 0% used [0x00000000e6900000,0x00000000e6900000,0x00000000e7f80000)
 ParOldGen       total 76288K, used 38948K [0x0000000081600000, 0x0000000086080000, 0x00000000d5d00000)
  object space 76288K, 51% used [0x0000000081600000,0x0000000083c09218,0x0000000086080000)
 Metaspace       used 34320K, capacity 35318K, committed 35456K, reserved 1081344K
  class space    used 4073K, capacity 4412K, committed 4480K, reserved 1048576K
Event: 18.199 GC heap after
Heap after GC invocations=11 (full 1):
 PSYoungGen      total 274432K, used 14824K [0x00000000d5d00000, 0x00000000eba00000, 0x0000000100000000)
  eden space 251392K, 0% used [0x00000000d5d00000,0x00000000d5d00000,0x00000000e5280000)
  from space 23040K, 64% used [0x00000000e6900000,0x00000000e777a158,0x00000000e7f80000)
  to   space 23040K, 0% used [0x00000000e5280000,0x00000000e5280000,0x00000000e6900000)
 ParOldGen       total 76288K, used 50425K [0x0000000081600000, 0x0000000086080000, 0x00000000d5d00000)
  object space 76288K, 66% used [0x0000000081600000,0x000000008473e400,0x0000000086080000)
 Metaspace       used 34320K, capacity 35318K, committed 35456K, reserved 1081344K
  class space    used 4073K, capacity 4412K, committed 4480K, reserved 1048576K
}
Event: 18.199 GC heap before
{Heap before GC invocations=12 (full 2):
 PSYoungGen      total 274432K, used 14824K [0x00000000d5d00000, 0x00000000eba00000, 0x0000000100000000)
  eden space 251392K, 0% used [0x00000000d5d00000,0x00000000d5d00000,0x00000000e5280000)
  from space 23040K, 64% used [0x00000000e6900000,0x00000000e777a158,0x00000000e7f80000)
  to   space 23040K, 0% used [0x00000000e5280000,0x00000000e5280000,0x00000000e6900000)
 ParOldGen       total 76288K, used 50425K [0x0000000081600000, 0x0000000086080000, 0x00000000d5d00000)
  object space 76288K, 66% used [0x0000000081600000,0x000000008473e400,0x0000000086080000)
 Metaspace       used 34320K, capacity 35318K, committed 35456K, reserved 1081344K
  class space    used 4073K, capacity 4412K, committed 4480K, reserved 1048576K
Event: 18.350 GC heap after
Heap after GC invocations=12 (full 2):
 PSYoungGen      total 274432K, used 0K [0x00000000d5d00000, 0x00000000eba00000, 0x0000000100000000)
  eden space 251392K, 0% used [0x00000000d5d00000,0x00000000d5d00000,0x00000000e5280000)
  from space 23040K, 0% used [0x00000000e6900000,0x00000000e6900000,0x00000000e7f80000)
  to   space 23040K, 0% used [0x00000000e5280000,0x00000000e5280000,0x00000000e6900000)
 ParOldGen       total 131072K, used 43473K [0x0000000081600000, 0x0000000089600000, 0x00000000d5d00000)
  object space 131072K, 33% used [0x0000000081600000,0x00000000840745f8,0x0000000089600000)
 Metaspace       used 32946K, capacity 33898K, committed 35456K, reserved 1081344K
  class space    used 3904K, capacity 4237K, committed 4480K, reserved 1048576K
}
Event: 23.936 GC heap before
{Heap before GC invocations=13 (full 2):
 PSYoungGen      total 274432K, used 251392K [0x00000000d5d00000, 0x00000000eba00000, 0x0000000100000000)
  eden space 251392K, 100% used [0x00000000d5d00000,0x00000000e5280000,0x00000000e5280000)
  from space 23040K, 0% used [0x00000000e6900000,0x00000000e6900000,0x00000000e7f80000)
  to   space 23040K, 0% used [0x00000000e5280000,0x00000000e5280000,0x00000000e6900000)
 ParOldGen       total 131072K, used 43473K [0x0000000081600000, 0x0000000089600000, 0x00000000d5d00000)
  object space 131072K, 33% used [0x0000000081600000,0x00000000840745f8,0x0000000089600000)
 Metaspace       used 35125K, capacity 36222K, committed 36352K, reserved 1081344K
  class space    used 4136K, capacity 4522K, committed 4608K, reserved 1048576K
Event: 23.960 GC heap after
Heap after GC invocations=13 (full 2):
 PSYoungGen      total 274432K, used 22299K [0x00000000d5d00000, 0x00000000ec400000, 0x0000000100000000)
  eden space 251392K, 0% used [0x00000000d5d00000,0x00000000d5d00000,0x00000000e5280000)
  from space 23040K, 96% used [0x00000000e5280000,0x00000000e6846ff8,0x00000000e6900000)
  to   space 25600K, 0% used [0x00000000eab00000,0x00000000eab00000,0x00000000ec400000)
 ParOldGen       total 131072K, used 43481K [0x0000000081600000, 0x0000000089600000, 0x00000000d5d00000)
  object space 131072K, 33% used [0x0000000081600000,0x00000000840765f8,0x0000000089600000)
 Metaspace       used 35125K, capacity 36222K, committed 36352K, reserved 1081344K
  class space    used 4136K, capacity 4522K, committed 4608K, reserved 1048576K
}

