# JRE version: Java(TM) SE Runtime Environment (8.0_221-b11) (build 1.8.0_221-b11)
# Java VM: Java HotSpot(TM) 64-Bit Server VM (25.221-b11 mixed mode windows-amd64 compressed oops)
Heap:
 PSYoungGen      total 122880K, used 30839K [0x00000000d5d00000, 0x00000000e3a80000, 0x0000000100000000)
  eden space 117760K, 21% used [0x00000000d5d00000,0x00000000d761ef60,0x00000000dd000000)
  from space 5120K, 99% used [0x00000000de400000,0x00000000de8feee0,0x00000000de900000)
  to   space 20480K, 0% used [0x00000000dd000000,0x00000000dd000000,0x00000000de400000)
 ParOldGen       total 84480K, used 35978K [0x0000000081600000, 0x0000000086880000, 0x00000000d5d00000)
  object space 84480K, 42% used [0x0000000081600000,0x0000000083922b20,0x0000000086880000)
 Metaspace       used 26542K, capacity 27374K, committed 27520K, reserved 1075200K
  class space    used 3151K, capacity 3387K, committed 3456K, reserved 1048576K
GC Heap History (10 events):
Event: 3.225 GC heap before
{Heap before GC invocations=3 (full 0):
 PSYoungGen      total 71680K, used 71666K [0x00000000d5d00000, 0x00000000da800000, 0x0000000100000000)
  eden space 66560K, 100% used [0x00000000d5d00000,0x00000000d9e00000,0x00000000d9e00000)
  from space 5120K, 99% used [0x00000000da300000,0x00000000da7fc8c8,0x00000000da800000)
  to   space 5120K, 0% used [0x00000000d9e00000,0x00000000d9e00000,0x00000000da300000)
 ParOldGen       total 87552K, used 2052K [0x0000000081600000, 0x0000000086b80000, 0x00000000d5d00000)
  object space 87552K, 2% used [0x0000000081600000,0x00000000818013b0,0x0000000086b80000)
 Metaspace       used 18213K, capacity 18558K, committed 18816K, reserved 1064960K
  class space    used 2208K, capacity 2349K, committed 2432K, reserved 1048576K
Event: 3.250 GC heap after
Heap after GC invocations=3 (full 0):
 PSYoungGen      total 71680K, used 5104K [0x00000000d5d00000, 0x00000000de900000, 0x0000000100000000)
  eden space 66560K, 0% used [0x00000000d5d00000,0x00000000d5d00000,0x00000000d9e00000)
  from space 5120K, 99% used [0x00000000d9e00000,0x00000000da2fc030,0x00000000da300000)
  to   space 5120K, 0% used [0x00000000de400000,0x00000000de400000,0x00000000de900000)
 ParOldGen       total 87552K, used 8988K [0x0000000081600000, 0x0000000086b80000, 0x00000000d5d00000)
  object space 87552K, 10% used [0x0000000081600000,0x0000000081ec7110,0x0000000086b80000)
 Metaspace       used 18213K, capacity 18558K, committed 18816K, reserved 1064960K
  class space    used 2208K, capacity 2349K, committed 2432K, reserved 1048576K
}
Event: 3.951 GC heap before
{Heap before GC invocations=4 (full 0):
 PSYoungGen      total 71680K, used 71664K [0x00000000d5d00000, 0x00000000de900000, 0x0000000100000000)
  eden space 66560K, 100% used [0x00000000d5d00000,0x00000000d9e00000,0x00000000d9e00000)
  from space 5120K, 99% used [0x00000000d9e00000,0x00000000da2fc030,0x00000000da300000)
  to   space 5120K, 0% used [0x00000000de400000,0x00000000de400000,0x00000000de900000)
 ParOldGen       total 87552K, used 8988K [0x0000000081600000, 0x0000000086b80000, 0x00000000d5d00000)
  object space 87552K, 10% used [0x0000000081600000,0x0000000081ec7110,0x0000000086b80000)
 Metaspace       used 18995K, capacity 19426K, committed 19712K, reserved 1067008K
  class space    used 2302K, capacity 2443K, committed 2560K, reserved 1048576K
Event: 3.988 GC heap after
Heap after GC invocations=4 (full 0):
 PSYoungGen      total 138240K, used 5104K [0x00000000d5d00000, 0x00000000de900000, 0x0000000100000000)
  eden space 133120K, 0% used [0x00000000d5d00000,0x00000000d5d00000,0x00000000ddf00000)
  from space 5120K, 99% used [0x00000000de400000,0x00000000de8fc010,0x00000000de900000)
  to   space 5120K, 0% used [0x00000000ddf00000,0x00000000ddf00000,0x00000000de400000)
 ParOldGen       total 87552K, used 15290K [0x0000000081600000, 0x0000000086b80000, 0x00000000d5d00000)
  object space 87552K, 17% used [0x0000000081600000,0x00000000824ee8a8,0x0000000086b80000)
 Metaspace       used 18995K, capacity 19426K, committed 19712K, reserved 1067008K
  class space    used 2302K, capacity 2443K, committed 2560K, reserved 1048576K
}
Event: 5.346 GC heap before
{Heap before GC invocations=5 (full 0):
 PSYoungGen      total 138240K, used 92396K [0x00000000d5d00000, 0x00000000de900000, 0x0000000100000000)
  eden space 133120K, 65% used [0x00000000d5d00000,0x00000000db23f1b8,0x00000000ddf00000)
  from space 5120K, 99% used [0x00000000de400000,0x00000000de8fc010,0x00000000de900000)
  to   space 5120K, 0% used [0x00000000ddf00000,0x00000000ddf00000,0x00000000de400000)
 ParOldGen       total 87552K, used 15290K [0x0000000081600000, 0x0000000086b80000, 0x00000000d5d00000)
  object space 87552K, 17% used [0x0000000081600000,0x00000000824ee8a8,0x0000000086b80000)
 Metaspace       used 20553K, capacity 21156K, committed 21296K, reserved 1069056K
  class space    used 2440K, capacity 2654K, committed 2688K, reserved 1048576K
Event: 5.376 GC heap after
Heap after GC invocations=5 (full 0):
 PSYoungGen      total 138240K, used 5104K [0x00000000d5d00000, 0x00000000de900000, 0x0000000100000000)
  eden space 133120K, 0% used [0x00000000d5d00000,0x00000000d5d00000,0x00000000ddf00000)
  from space 5120K, 99% used [0x00000000ddf00000,0x00000000de3fc010,0x00000000de400000)
  to   space 5120K, 0% used [0x00000000de400000,0x00000000de400000,0x00000000de900000)
 ParOldGen       total 87552K, used 21676K [0x0000000081600000, 0x0000000086b80000, 0x00000000d5d00000)
  object space 87552K, 24% used [0x0000000081600000,0x0000000082b2b108,0x0000000086b80000)
 Metaspace       used 20553K, capacity 21156K, committed 21296K, reserved 1069056K
  class space    used 2440K, capacity 2654K, committed 2688K, reserved 1048576K
}
Event: 5.376 GC heap before
{Heap before GC invocations=6 (full 1):
 PSYoungGen      total 138240K, used 5104K [0x00000000d5d00000, 0x00000000de900000, 0x0000000100000000)
  eden space 133120K, 0% used [0x00000000d5d00000,0x00000000d5d00000,0x00000000ddf00000)
  from space 5120K, 99% used [0x00000000ddf00000,0x00000000de3fc010,0x00000000de400000)
  to   space 5120K, 0% used [0x00000000de400000,0x00000000de400000,0x00000000de900000)
 ParOldGen       total 87552K, used 21676K [0x0000000081600000, 0x0000000086b80000, 0x00000000d5d00000)
  object space 87552K, 24% used [0x0000000081600000,0x0000000082b2b108,0x0000000086b80000)
 Metaspace       used 20553K, capacity 21156K, committed 21296K, reserved 1069056K
  class space    used 2440K, capacity 2654K, committed 2688K, reserved 1048576K
Event: 5.545 GC heap after
Heap after GC invocations=6 (full 1):
 PSYoungGen      total 138240K, used 0K [0x00000000d5d00000, 0x00000000de900000, 0x0000000100000000)
  eden space 133120K, 0% used [0x00000000d5d00000,0x00000000d5d00000,0x00000000ddf00000)
  from space 5120K, 0% used [0x00000000ddf00000,0x00000000ddf00000,0x00000000de400000)
  to   space 5120K, 0% used [0x00000000de400000,0x00000000de400000,0x00000000de900000)
 ParOldGen       total 84480K, used 21248K [0x0000000081600000, 0x0000000086880000, 0x00000000d5d00000)
  object space 84480K, 25% used [0x0000000081600000,0x0000000082ac0200,0x0000000086880000)
 Metaspace       used 20553K, capacity 21156K, committed 21296K, reserved 1069056K
  class space    used 2440K, capacity 2654K, committed 2688K, reserved 1048576K
}
Event: 7.521 GC heap before
{Heap before GC invocations=7 (full 1):
 PSYoungGen      total 138240K, used 133120K [0x00000000d5d00000, 0x00000000de900000, 0x0000000100000000)
  eden space 133120K, 100% used [0x00000000d5d00000,0x00000000ddf00000,0x00000000ddf00000)
  from space 5120K, 0% used [0x00000000ddf00000,0x00000000ddf00000,0x00000000de400000)
  to   space 5120K, 0% used [0x00000000de400000,0x00000000de400000,0x00000000de900000)
 ParOldGen       total 84480K, used 21248K [0x0000000081600000, 0x0000000086880000, 0x00000000d5d00000)
  object space 84480K, 25% used [0x0000000081600000,0x0000000082ac0200,0x0000000086880000)
 Metaspace       used 26047K, capacity 26816K, committed 26880K, reserved 1073152K
  class space    used 3072K, capacity 3285K, committed 3328K, reserved 1048576K
Event: 7.546 GC heap after
Heap after GC invocations=7 (full 1):
 PSYoungGen      total 122880K, used 5115K [0x00000000d5d00000, 0x00000000e3a80000, 0x0000000100000000)
  eden space 117760K, 0% used [0x00000000d5d00000,0x00000000d5d00000,0x00000000dd000000)
  from space 5120K, 99% used [0x00000000de400000,0x00000000de8feee0,0x00000000de900000)
  to   space 20480K, 0% used [0x00000000dd000000,0x00000000dd000000,0x00000000de400000)
 ParOldGen       total 84480K, used 35978K [0x0000000081600000, 0x0000000086880000, 0x00000000d5d00000)
  object space 84480K, 42% used [0x0000000081600000,0x0000000083922b20,0x0000000086880000)
 Metaspace       used 26047K, capacity 26816K, committed 26880K, reserved 1073152K
  class space    used 3072K, capacity 3285K, committed 3328K, reserved 1048576K
}

